# JRE version: Java(TM) SE Runtime Environment (11.0.6+8) (build 11.0.6+8-LTS)
# Java VM: Java HotSpot(TM) 64-Bit Server VM (11.0.6+8-LTS, mixed mode, tiered, compressed oops, g1 gc, windows-amd64)
Heap:
 garbage-first heap   total 262144K, used 47440K [0x00000000e0000000, 0x0000000100000000)
  region size 1024K, 32 young (32768K), 14 survivors (14336K)
 Metaspace       used 52966K, capacity 54255K, committed 54480K, reserved 301056K
  class space    used 6846K, capacity 7308K, committed 7424K, reserved 253952K
GC Heap History (10 events):
Event: 6.579 GC heap before
{Heap before GC invocations=2 (full 0):
 garbage-first heap   total 262144K, used 36962K [0x00000000e0000000, 0x0000000100000000)
  region size 1024K, 29 young (29696K), 1 survivors (1024K)
 Metaspace       used 11069K, capacity 11333K, committed 11520K, reserved 264192K
  class space    used 1141K, capacity 1200K, committed 1280K, reserved 253952K
}
Event: 6.583 GC heap after
{Heap after GC invocations=3 (full 0):
 garbage-first heap   total 262144K, used 13434K [0x00000000e0000000, 0x0000000100000000)
  region size 1024K, 4 young (4096K), 4 survivors (4096K)
 Metaspace       used 11069K, capacity 11333K, committed 11520K, reserved 264192K
  class space    used 1141K, capacity 1200K, committed 1280K, reserved 253952K
}
Event: 9.521 GC heap before
{Heap before GC invocations=3 (full 0):
 garbage-first heap   total 262144K, used 54394K [0x00000000e0000000, 0x0000000100000000)
  region size 1024K, 44 young (45056K), 4 survivors (4096K)
 Metaspace       used 18435K, capacity 18895K, committed 19072K, reserved 272384K
  class space    used 2184K, capacity 2330K, committed 2432K, reserved 253952K
}
Event: 9.528 GC heap after
{Heap after GC invocations=4 (full 0):
 garbage-first heap   total 262144K, used 16673K [0x00000000e0000000, 0x0000000100000000)
  region size 1024K, 3 young (3072K), 3 survivors (3072K)
 Metaspace       used 18435K, capacity 18895K, committed 19072K, reserved 272384K
  class space    used 2184K, capacity 2330K, committed 2432K, reserved 253952K
}
Event: 10.035 GC heap before
{Heap before GC invocations=4 (full 0):
 garbage-first heap   total 262144K, used 32033K [0x00000000e0000000, 0x0000000100000000)
  region size 1024K, 19 young (19456K), 3 survivors (3072K)
 Metaspace       used 20610K, capacity 21230K, committed 21296K, reserved 274432K
  class space    used 2504K, capacity 2688K, committed 2688K, reserved 253952K
}
Event: 10.040 GC heap after
{Heap after GC invocations=5 (full 0):
 garbage-first heap   total 262144K, used 17272K [0x00000000e0000000, 0x0000000100000000)
  region size 1024K, 4 young (4096K), 4 survivors (4096K)
 Metaspace       used 20610K, capacity 21230K, committed 21296K, reserved 274432K
  class space    used 2504K, capacity 2688K, committed 2688K, reserved 253952K
}
Event: 13.515 GC heap before
{Heap before GC invocations=6 (full 0):
 garbage-first heap   total 262144K, used 71544K [0x00000000e0000000, 0x0000000100000000)
  region size 1024K, 57 young (58368K), 4 survivors (4096K)
 Metaspace       used 26583K, capacity 27258K, committed 27520K, reserved 278528K
  class space    used 3487K, capacity 3705K, committed 3712K, reserved 253952K
}
Event: 13.526 GC heap after
{Heap after GC invocations=7 (full 0):
 garbage-first heap   total 262144K, used 19162K [0x00000000e0000000, 0x0000000100000000)
  region size 1024K, 6 young (6144K), 6 survivors (6144K)
 Metaspace       used 26583K, capacity 27258K, committed 27520K, reserved 278528K
  class space    used 3487K, capacity 3705K, committed 3712K, reserved 253952K
}
Event: 17.604 GC heap before
{Heap before GC invocations=7 (full 0):
 garbage-first heap   total 262144K, used 71386K [0x00000000e0000000, 0x0000000100000000)
  region size 1024K, 59 young (60416K), 6 survivors (6144K)
 Metaspace       used 35170K, capacity 35922K, committed 36048K, reserved 286720K
  class space    used 4514K, capacity 4801K, committed 4864K, reserved 253952K
}
Event: 17.662 GC heap after
{Heap after GC invocations=8 (full 0):
 garbage-first heap   total 262144K, used 22245K [0x00000000e0000000, 0x0000000100000000)
  region size 1024K, 9 young (9216K), 9 survivors (9216K)
 Metaspace       used 35170K, capacity 35922K, committed 36048K, reserved 286720K
  class space    used 4514K, capacity 4801K, committed 4864K, reserved 253952K
}

